<?xml version="1.0" encoding="UTF-8"?>
<!-- Generated by org.testng.reporters.JUnitXMLReporter -->
<testsuite ignored="0" hostname="11776-LAP-0779" failures="1" tests="1" name="Surefire test" time="59.802" errors="0" timestamp="2026-07-14T13:40:05 IST">
  <testcase classname="tests.LoginTest" name="testLogin" time="54.173">
    <failure type="com.microsoft.playwright.TimeoutError" message="Error {
  message=&amp;apos;Timeout 30000ms exceeded.
  name=&amp;apos;TimeoutError
  stack=&amp;apos;TimeoutError: Timeout 30000ms exceeded.
    at ProgressController.run (C:\Users\SIDDHE~1.LAM\AppData\Local\Temp\playwright-java-7273000304023399152\package\lib\server\progress.js:78:26)
    at Frame.click (C:\Users\SIDDHE~1.LAM\AppData\Local\Temp\playwright-java-7273000304023399152\package\lib\server\frames.js:996:23)
    at FrameDispatcher.click (C:\Users\SIDDHE~1.LAM\AppData\Local\Temp\playwright-java-7273000304023399152\package\lib\server\dispatchers\frameDispatcher.js:158:30)
    at FrameDispatcher._handleCommand (C:\Users\SIDDHE~1.LAM\AppData\Local\Temp\playwright-java-7273000304023399152\package\lib\server\dispatchers\dispatcher.js:94:40)
    at DispatcherConnection.dispatch (C:\Users\SIDDHE~1.LAM\AppData\Local\Temp\playwright-java-7273000304023399152\package\lib\server\dispatchers\dispatcher.js:365:39)
}
Call log:
- waiting for locator(&amp;quot;#ext-element-82 &amp;gt; div &amp;gt; span.icon.far.fa-folder.h-projects&amp;quot;)
">
      <![CDATA[com.microsoft.playwright.TimeoutError: Error {
  message='Timeout 30000ms exceeded.
  name='TimeoutError
  stack='TimeoutError: Timeout 30000ms exceeded.
    at ProgressController.run (C:\Users\SIDDHE~1.LAM\AppData\Local\Temp\playwright-java-7273000304023399152\package\lib\server\progress.js:78:26)
    at Frame.click (C:\Users\SIDDHE~1.LAM\AppData\Local\Temp\playwright-java-7273000304023399152\package\lib\server\frames.js:996:23)
    at FrameDispatcher.click (C:\Users\SIDDHE~1.LAM\AppData\Local\Temp\playwright-java-7273000304023399152\package\lib\server\dispatchers\frameDispatcher.js:158:30)
    at FrameDispatcher._handleCommand (C:\Users\SIDDHE~1.LAM\AppData\Local\Temp\playwright-java-7273000304023399152\package\lib\server\dispatchers\dispatcher.js:94:40)
    at DispatcherConnection.dispatch (C:\Users\SIDDHE~1.LAM\AppData\Local\Temp\playwright-java-7273000304023399152\package\lib\server\dispatchers\dispatcher.js:365:39)
}
Call log:
- waiting for locator("#ext-element-82 > div > span.icon.far.fa-folder.h-projects")

at com.microsoft.playwright.impl.WaitableResult.get(WaitableResult.java:52)
at com.microsoft.playwright.impl.ChannelOwner.runUntil(ChannelOwner.java:120)
at com.microsoft.playwright.impl.Connection.sendMessage(Connection.java:130)
at com.microsoft.playwright.impl.ChannelOwner.sendMessage(ChannelOwner.java:106)
at com.microsoft.playwright.impl.FrameImpl.clickImpl(FrameImpl.java:252)
at com.microsoft.playwright.impl.FrameImpl.lambda$click$8(FrameImpl.java:243)
at com.microsoft.playwright.impl.LoggingSupport.lambda$withLogging$0(LoggingSupport.java:36)
at com.microsoft.playwright.impl.LoggingSupport.withLogging(LoggingSupport.java:47)
at com.microsoft.playwright.impl.ChannelOwner.withLogging(ChannelOwner.java:89)
at com.microsoft.playwright.impl.LoggingSupport.withLogging(LoggingSupport.java:35)
at com.microsoft.playwright.impl.FrameImpl.click(FrameImpl.java:243)
at com.microsoft.playwright.impl.LocatorImpl.click(LocatorImpl.java:156)
at com.microsoft.playwright.Locator.click(Locator.java:2387)
at pages.LoginPage.clickProject(LoginPage.java:59)
at tests.LoginTest.testLogin(LoginTest.java:25)
at java.base/java.util.ArrayList.forEach(ArrayList.java:1604)
Caused by: com.microsoft.playwright.TimeoutError: Error {
  message='Timeout 30000ms exceeded.
  name='TimeoutError
  stack='TimeoutError: Timeout 30000ms exceeded.
    at ProgressController.run (C:\Users\SIDDHE~1.LAM\AppData\Local\Temp\playwright-java-7273000304023399152\package\lib\server\progress.js:78:26)
    at Frame.click (C:\Users\SIDDHE~1.LAM\AppData\Local\Temp\playwright-java-7273000304023399152\package\lib\server\frames.js:996:23)
    at FrameDispatcher.click (C:\Users\SIDDHE~1.LAM\AppData\Local\Temp\playwright-java-7273000304023399152\package\lib\server\dispatchers\frameDispatcher.js:158:30)
    at FrameDispatcher._handleCommand (C:\Users\SIDDHE~1.LAM\AppData\Local\Temp\playwright-java-7273000304023399152\package\lib\server\dispatchers\dispatcher.js:94:40)
    at DispatcherConnection.dispatch (C:\Users\SIDDHE~1.LAM\AppData\Local\Temp\playwright-java-7273000304023399152\package\lib\server\dispatchers\dispatcher.js:365:39)
}
Call log:
- waiting for locator("#ext-element-82 > div > span.icon.far.fa-folder.h-projects")

at com.microsoft.playwright.impl.Connection.dispatch(Connection.java:254)
at com.microsoft.playwright.impl.Connection.processOneMessage(Connection.java:211)
at com.microsoft.playwright.impl.ChannelOwner.runUntil(ChannelOwner.java:118)
... 44 more
... Removed 30 stack frames]]>
    </failure>
  </testcase> <!-- testLogin -->
</testsuite> <!-- Surefire test -->
